#
# A fatal error has been detected by the Java Runtime Environment:
#
#  EXCEPTION_ACCESS_VIOLATION (0xc0000005) at pc=0x000000005516a3d3, pid=7428, tid=4296
#
# JRE version: Java(TM) SE Runtime Environment (8.0_25-b18) (build 1.8.0_25-b18)
# Java VM: Java HotSpot(TM) 64-Bit Server VM (25.25-b02 mixed mode windows-amd64 compressed oops)
# Problematic frame:
# V  [jvm.dll+0x11a3d3]
#
# Failed to write core dump. Minidumps are not enabled by default on client versions of Windows
#
# If you would like to submit a bug report, please visit:
#   http://bugreport.sun.com/bugreport/crash.jsp
#

---------------  T H R E A D  ---------------

Current thread (0x000000001d1f9000):  JavaThread "JDWP Transport Listener: dt_socket" daemon [_thread_in_vm, id=4296, stack(0x000000001eea0000,0x000000001efa0000)]

siginfo: ExceptionCode=0xc0000005, reading address 0xffffffffffffffff

Registers:
RAX=0x000000001ef9f301, RBX=0x9dca480000000781, RCX=0x000000001d20003b, RDX=0x0000000000000000
RSP=0x000000001ef9f390, RBP=0x000000001d20003b, RSI=0x000000001ef9f4a8, RDI=0x000000000226df80
R8 =0x000000001d1f9000, R9 =0x000000ffffffffff, R10=0x0000000002090470, R11=0x00000000246bc9e0
R12=0x0000000000000000, R13=0x000000001d1f9828, R14=0x0000000000000000, R15=0x0000000000000000
RIP=0x000000005516a3d3, EFLAGS=0x0000000000010292

Top of Stack: (sp=0x000000001ef9f390)
0x000000001ef9f390:   000000001d1f9000 000000001d1f9000
0x000000001ef9f3a0:   000000001ef9f458 00000000553678db
0x000000001ef9f3b0:   000000001d1f9000 000000005538413d
0x000000001ef9f3c0:   000000000000005a 0000000069939149
0x000000001ef9f3d0:   0000000021708270 0000000069942912
0x000000001ef9f3e0:   000000001d1f9000 0000000000000000
0x000000001ef9f3f0:   0000000000000000 0000000000000000
0x000000001ef9f400:   000000001d20003b 0000000069941a09
0x000000001ef9f410:   000000001ef9f4a8 000000001ef9f480
0x000000001ef9f420:   0000000000000001 0000000021708270
0x000000001ef9f430:   000000001d20003b 00000000699253b3
0x000000001ef9f440:   000000001ef9f570 0000000000000001
0x000000001ef9f450:   0000000000000001 0000000021708270
0x000000001ef9f460:   0000000000000000 0000000000000000
0x000000001ef9f470:   0000000000000000 0000000000000000
0x000000001ef9f480:   0000000000000001 0000000069925571 

Instructions: (pc=0x000000005516a3d3)
0x000000005516a3b3:   28 48 85 c9 75 07 33 c0 48 83 c4 28 c3 48 89 5c
0x000000005516a3c3:   24 20 48 8b 19 48 85 db 74 20 48 83 fb 37 74 1a
0x000000005516a3d3:   48 8b 13 48 8b cb ff 52 10 84 c0 74 0d 48 8b c3
0x000000005516a3e3:   48 8b 5c 24 20 48 83 c4 28 c3 33 c0 48 8b 5c 24 


Register to memory mapping:

RAX=0x000000001ef9f301 is pointing into the stack for thread: 0x000000001d1f9000
RBX=0x9dca480000000781 is an unknown value
RCX=0x000000001d20003b is a weak global jni handle
RDX=0x0000000000000000 is an unknown value
RSP=0x000000001ef9f390 is pointing into the stack for thread: 0x000000001d1f9000
RBP=0x000000001d20003b is a weak global jni handle
RSI=0x000000001ef9f4a8 is pointing into the stack for thread: 0x000000001d1f9000
RDI=0x000000000226df80 is an unknown value
R8 =0x000000001d1f9000 is a thread
R9 =0x000000ffffffffff is an unknown value
R10=0x0000000002090470 is an unknown value
R11=0x00000000246bc9e0 is an unknown value
R12=0x0000000000000000 is an unknown value
R13=0x000000001d1f9828 is an unknown value
R14=0x0000000000000000 is an unknown value
R15=0x0000000000000000 is an unknown value


Stack: [0x000000001eea0000,0x000000001efa0000],  sp=0x000000001ef9f390,  free space=1020k
Native frames: (J=compiled Java code, j=interpreted, Vv=VM code, C=native code)
V  [jvm.dll+0x11a3d3]
V  [jvm.dll+0x33413d]
C  [jdwp.dll+0x21a09]
C  [jdwp.dll+0x53b3]
C  [jdwp.dll+0x5571]
C  [jdwp.dll+0xf09c]
C  [jdwp.dll+0x1f2c9]
C  [jdwp.dll+0x1f49e]
V  [jvm.dll+0x1abba8]
V  [jvm.dll+0x22bde4]
V  [jvm.dll+0x2852fa]
C  [msvcr100.dll+0x21d9f]
C  [msvcr100.dll+0x21e3b]
C  [kernel32.dll+0x159ed]
C  [ntdll.dll+0x2c541]


---------------  P R O C E S S  ---------------

Java Threads: ( => current thread )
  0x0000000020fb7000 JavaThread "http-nio-8080-exec-7" daemon [_thread_blocked, id=2900, stack(0x0000000026d70000,0x0000000026e70000)]
  0x0000000020fb6800 JavaThread "http-nio-8080-exec-6" daemon [_thread_blocked, id=548, stack(0x0000000029980000,0x0000000029a80000)]
  0x0000000020fb5800 JavaThread "http-nio-8080-exec-5" daemon [_thread_blocked, id=6396, stack(0x00000000295b0000,0x00000000296b0000)]
  0x0000000020fb4800 JavaThread "http-nio-8080-exec-4" daemon [_thread_blocked, id=5620, stack(0x0000000027f70000,0x0000000028070000)]
  0x0000000020fb4000 JavaThread "http-nio-8080-exec-3" daemon [_thread_blocked, id=5980, stack(0x0000000029440000,0x0000000029540000)]
  0x0000000020fb3000 JavaThread "http-nio-8080-exec-2" daemon [_thread_blocked, id=7104, stack(0x0000000024150000,0x0000000024250000)]
  0x0000000020fb2800 JavaThread "http-nio-8080-exec-1" daemon [_thread_blocked, id=3168, stack(0x0000000027760000,0x0000000027860000)]
  0x0000000020fb1800 JavaThread "DestroyJavaVM" [_thread_blocked, id=4620, stack(0x0000000002480000,0x0000000002580000)]
  0x0000000020fb1000 JavaThread "http-nio-8080-Acceptor-0" daemon [_thread_in_native, id=6088, stack(0x0000000029ab0000,0x0000000029bb0000)]
  0x0000000020fb0000 JavaThread "http-nio-8080-ClientPoller-1" daemon [_thread_in_native, id=6124, stack(0x0000000029860000,0x0000000029960000)]
  0x0000000020faf800 JavaThread "http-nio-8080-ClientPoller-0" daemon [_thread_in_native, id=6968, stack(0x00000000280f0000,0x00000000281f0000)]
  0x0000000020fae800 JavaThread "NioBlockingSelector.BlockPoller-1" daemon [_thread_in_native, id=5320, stack(0x0000000029700000,0x0000000029800000)]
  0x000000002099b000 JavaThread "container-0" [_thread_blocked, id=3312, stack(0x0000000020350000,0x0000000020450000)]
  0x0000000024c3a000 JavaThread "ContainerBackgroundProcessor[StandardEngine[Tomcat].StandardHost[localhost].StandardContext[]]" daemon [_thread_blocked, id=1452, stack(0x0000000026fe0000,0x00000000270e0000)]
  0x000000002083c800 JavaThread "PoolCleaner[1482968390:1420904699774]" daemon [_thread_blocked, id=6408, stack(0x0000000026ea0000,0x0000000026fa0000)]
  0x000000001fab8800 JavaThread "RMI TCP Accept-0" daemon [_thread_in_native, id=7072, stack(0x0000000020490000,0x0000000020590000)]
  0x000000001f983800 JavaThread "RMI TCP Accept-59067" daemon [_thread_in_native, id=6208, stack(0x0000000020240000,0x0000000020340000)]
  0x000000001fa0e000 JavaThread "RMI TCP Accept-0" daemon [_thread_in_native, id=5792, stack(0x000000001ffd0000,0x00000000200d0000)]
  0x000000001d2a2000 JavaThread "Service Thread" daemon [_thread_blocked, id=5804, stack(0x000000001eb70000,0x000000001ec70000)]
  0x000000001d225800 JavaThread "C1 CompilerThread3" daemon [_thread_blocked, id=3664, stack(0x000000001f660000,0x000000001f760000)]
  0x000000001d223000 JavaThread "C2 CompilerThread2" daemon [_thread_blocked, id=4196, stack(0x000000001eda0000,0x000000001eea0000)]
  0x000000001d222000 JavaThread "C2 CompilerThread1" daemon [_thread_blocked, id=7380, stack(0x000000001f450000,0x000000001f550000)]
  0x000000001d20e800 JavaThread "C2 CompilerThread0" daemon [_thread_blocked, id=6520, stack(0x000000001f2b0000,0x000000001f3b0000)]
  0x000000001d20b800 JavaThread "JDWP Command Reader" daemon [_thread_in_native, id=4788, stack(0x000000001f170000,0x000000001f270000)]
  0x000000001d1ff000 JavaThread "JDWP Event Helper Thread" daemon [_thread_blocked, id=6688, stack(0x000000001f030000,0x000000001f130000)]
=>0x000000001d1f9000 JavaThread "JDWP Transport Listener: dt_socket" daemon [_thread_in_vm, id=4296, stack(0x000000001eea0000,0x000000001efa0000)]
  0x000000001d1e4000 JavaThread "Attach Listener" daemon [_thread_blocked, id=4232, stack(0x000000001e900000,0x000000001ea00000)]
  0x000000001d1e3000 JavaThread "Signal Dispatcher" daemon [_thread_blocked, id=4060, stack(0x000000001e730000,0x000000001e830000)]
  0x000000001c020000 JavaThread "Finalizer" daemon [_thread_blocked, id=7496, stack(0x000000001e510000,0x000000001e610000)]
  0x000000001c019800 JavaThread "Reference Handler" daemon [_thread_blocked, id=6748, stack(0x000000001e1b0000,0x000000001e2b0000)]

Other Threads:
  0x000000001c010000 VMThread [stack: 0x000000001e2c0000,0x000000001e3c0000] [id=4392]
  0x000000001fabb800 WatcherThread [stack: 0x0000000020660000,0x0000000020760000] [id=4252]

VM state:not at safepoint (normal execution)

VM Mutex/Monitor currently owned by a thread: None

Heap:
 PSYoungGen      total 516608K, used 398439K [0x000000076d800000, 0x0000000793000000, 0x00000007c0000000)
  eden space 501760K, 79% used [0x000000076d800000,0x0000000785d19fc0,0x000000078c200000)
  from space 14848K, 0% used [0x000000078c200000,0x000000078c200000,0x000000078d080000)
  to   space 17920K, 0% used [0x0000000791e80000,0x0000000791e80000,0x0000000793000000)
 ParOldGen       total 154624K, used 23869K [0x00000006c8800000, 0x00000006d1f00000, 0x000000076d800000)
  object space 154624K, 15% used [0x00000006c8800000,0x00000006c9f4f740,0x00000006d1f00000)
 Metaspace       used 48069K, capacity 48516K, committed 49024K, reserved 1091584K
  class space    used 6091K, capacity 6183K, committed 6272K, reserved 1048576K

Card table byte_map: [0x0000000011c10000,0x00000000123d0000] byte_map_base: 0x000000000e5cc000

Marking Bits: (ParMarkBitMap*) 0x000000005582d490
 Begin Bits: [0x00000000132b0000, 0x0000000017090000)
 End Bits:   [0x0000000017090000, 0x000000001ae70000)

Polling page: 0x0000000000230000

CodeCache: size=245760Kb used=15938Kb max_used=16766Kb free=229821Kb
 bounds [0x0000000002850000, 0x00000000038e0000, 0x0000000011850000]
 total_blobs=4486 nmethods=3988 adapters=419
 compilation: enabled

Compilation events (10 events):
Event: 234.264 Thread 0x000000001d225800 5099       3       java.util.concurrent.ConcurrentLinkedQueue::first (65 bytes)
Event: 234.265 Thread 0x000000001d225800 nmethod 5099 0x0000000002b2f250 code [0x0000000002b2f3e0, 0x0000000002b2fa10]
Event: 242.267 Thread 0x000000001d225800 5100       3       java.util.concurrent.ConcurrentLinkedQueue::size (41 bytes)
Event: 242.267 Thread 0x000000001d225800 nmethod 5100 0x0000000002b6f850 code [0x0000000002b6f9e0, 0x0000000002b6fe68]
Event: 246.799 Thread 0x000000001d225800 5101       1       org.apache.tomcat.jdbc.pool.PoolProperties::isRemoveAbandoned (5 bytes)
Event: 246.799 Thread 0x000000001d225800 nmethod 5101 0x00000000031f8650 code [0x00000000031f87a0, 0x00000000031f88b0]
Event: 246.800 Thread 0x000000001d225800 5102       1       org.apache.tomcat.jdbc.pool.PoolProperties::isTestWhileIdle (5 bytes)
Event: 246.800 Thread 0x000000001d225800 nmethod 5102 0x000000000317a450 code [0x000000000317a5a0, 0x000000000317a6b0]
Event: 254.271 Thread 0x000000001d225800 5103       3       org.apache.tomcat.util.net.NioBlockingSelector$BlockPoller::events (48 bytes)
Event: 254.272 Thread 0x000000001d225800 nmethod 5103 0x000000000309d790 code [0x000000000309d940, 0x000000000309df08]

GC Heap History (10 events):
Event: 4.601 GC heap before
{Heap before GC invocations=7 (full 0):
 PSYoungGen      total 266752K, used 123169K [0x000000076d800000, 0x000000077ef00000, 0x00000007c0000000)
  eden space 253952K, 43% used [0x000000076d800000,0x00000007743cf298,0x000000077d000000)
  from space 12800K, 99% used [0x000000077de80000,0x000000077eaf9388,0x000000077eb00000)
  to   space 14848K, 0% used [0x000000077d000000,0x000000077d000000,0x000000077de80000)
 ParOldGen       total 169472K, used 2869K [0x00000006c8800000, 0x00000006d2d80000, 0x000000076d800000)
  object space 169472K, 1% used [0x00000006c8800000,0x00000006c8acd4a8,0x00000006d2d80000)
 Metaspace       used 20893K, capacity 21064K, committed 21296K, reserved 1069056K
  class space    used 2560K, capacity 2608K, committed 2688K, reserved 1048576K
Event: 4.609 GC heap after
Heap after GC invocations=7 (full 0):
 PSYoungGen      total 268800K, used 4902K [0x000000076d800000, 0x000000078e600000, 0x00000007c0000000)
  eden space 253952K, 0% used [0x000000076d800000,0x000000076d800000,0x000000077d000000)
  from space 14848K, 33% used [0x000000077d000000,0x000000077d4c9850,0x000000077de80000)
  to   space 15360K, 0% used [0x000000078d700000,0x000000078d700000,0x000000078e600000)
 ParOldGen       total 169472K, used 5999K [0x00000006c8800000, 0x00000006d2d80000, 0x000000076d800000)
  object space 169472K, 3% used [0x00000006c8800000,0x00000006c8ddbed8,0x00000006d2d80000)
 Metaspace       used 20893K, capacity 21064K, committed 21296K, reserved 1069056K
  class space    used 2560K, capacity 2608K, committed 2688K, reserved 1048576K
}
Event: 4.609 GC heap before
{Heap before GC invocations=8 (full 1):
 PSYoungGen      total 268800K, used 4902K [0x000000076d800000, 0x000000078e600000, 0x00000007c0000000)
  eden space 253952K, 0% used [0x000000076d800000,0x000000076d800000,0x000000077d000000)
  from space 14848K, 33% used [0x000000077d000000,0x000000077d4c9850,0x000000077de80000)
  to   space 15360K, 0% used [0x000000078d700000,0x000000078d700000,0x000000078e600000)
 ParOldGen       total 169472K, used 5999K [0x00000006c8800000, 0x00000006d2d80000, 0x000000076d800000)
  object space 169472K, 3% used [0x00000006c8800000,0x00000006c8ddbed8,0x00000006d2d80000)
 Metaspace       used 20893K, capacity 21064K, committed 21296K, reserved 1069056K
  class space    used 2560K, capacity 2608K, committed 2688K, reserved 1048576K
Event: 4.656 GC heap after
Heap after GC invocations=8 (full 1):
 PSYoungGen      total 268800K, used 0K [0x000000076d800000, 0x000000078e600000, 0x00000007c0000000)
  eden space 253952K, 0% used [0x000000076d800000,0x000000076d800000,0x000000077d000000)
  from space 14848K, 0% used [0x000000077d000000,0x000000077d000000,0x000000077de80000)
  to   space 15360K, 0% used [0x000000078d700000,0x000000078d700000,0x000000078e600000)
 ParOldGen       total 94720K, used 7850K [0x00000006c8800000, 0x00000006ce480000, 0x000000076d800000)
  object space 94720K, 8% used [0x00000006c8800000,0x00000006c8faaa88,0x00000006ce480000)
 Metaspace       used 20893K, capacity 21064K, committed 21296K, reserved 1069056K
  class space    used 2560K, capacity 2608K, committed 2688K, reserved 1048576K
}
Event: 6.722 GC heap before
{Heap before GC invocations=9 (full 1):
 PSYoungGen      total 268800K, used 253952K [0x000000076d800000, 0x000000078e600000, 0x00000007c0000000)
  eden space 253952K, 100% used [0x000000076d800000,0x000000077d000000,0x000000077d000000)
  from space 14848K, 0% used [0x000000077d000000,0x000000077d000000,0x000000077de80000)
  to   space 15360K, 0% used [0x000000078d700000,0x000000078d700000,0x000000078e600000)
 ParOldGen       total 94720K, used 7850K [0x00000006c8800000, 0x00000006ce480000, 0x000000076d800000)
  object space 94720K, 8% used [0x00000006c8800000,0x00000006c8faaa88,0x00000006ce480000)
 Metaspace       used 25134K, capacity 25386K, committed 25728K, reserved 1071104K
  class space    used 3026K, capacity 3082K, committed 3200K, reserved 1048576K
Event: 6.739 GC heap after
Heap after GC invocations=9 (full 1):
 PSYoungGen      total 428544K, used 8078K [0x000000076d800000, 0x000000078df00000, 0x00000007c0000000)
  eden space 420352K, 0% used [0x000000076d800000,0x000000076d800000,0x0000000787280000)
  from space 8192K, 98% used [0x000000078d700000,0x000000078dee3a48,0x000000078df00000)
  to   space 14848K, 0% used [0x000000078c200000,0x000000078c200000,0x000000078d080000)
 ParOldGen       total 94720K, used 7858K [0x00000006c8800000, 0x00000006ce480000, 0x000000076d800000)
  object space 94720K, 8% used [0x00000006c8800000,0x00000006c8faca88,0x00000006ce480000)
 Metaspace       used 25134K, capacity 25386K, committed 25728K, reserved 1071104K
  class space    used 3026K, capacity 3082K, committed 3200K, reserved 1048576K
}
Event: 7.923 GC heap before
{Heap before GC invocations=10 (full 1):
 PSYoungGen      total 428544K, used 125953K [0x000000076d800000, 0x000000078df00000, 0x00000007c0000000)
  eden space 420352K, 28% used [0x000000076d800000,0x0000000774b1cd88,0x0000000787280000)
  from space 8192K, 98% used [0x000000078d700000,0x000000078dee3a48,0x000000078df00000)
  to   space 14848K, 0% used [0x000000078c200000,0x000000078c200000,0x000000078d080000)
 ParOldGen       total 94720K, used 7858K [0x00000006c8800000, 0x00000006ce480000, 0x000000076d800000)
  object space 94720K, 8% used [0x00000006c8800000,0x00000006c8faca88,0x00000006ce480000)
 Metaspace       used 34981K, capacity 35260K, committed 35456K, reserved 1081344K
  class space    used 4360K, capacity 4433K, committed 4480K, reserved 1048576K
Event: 7.936 GC heap after
Heap after GC invocations=10 (full 1):
 PSYoungGen      total 516608K, used 14836K [0x000000076d800000, 0x0000000793000000, 0x00000007c0000000)
  eden space 501760K, 0% used [0x000000076d800000,0x000000076d800000,0x000000078c200000)
  from space 14848K, 99% used [0x000000078c200000,0x000000078d07d180,0x000000078d080000)
  to   space 17920K, 0% used [0x0000000791e80000,0x0000000791e80000,0x0000000793000000)
 ParOldGen       total 94720K, used 11717K [0x00000006c8800000, 0x00000006ce480000, 0x000000076d800000)
  object space 94720K, 12% used [0x00000006c8800000,0x00000006c9371530,0x00000006ce480000)
 Metaspace       used 34981K, capacity 35260K, committed 35456K, reserved 1081344K
  class space    used 4360K, capacity 4433K, committed 4480K, reserved 1048576K
}
Event: 7.936 GC heap before
{Heap before GC invocations=11 (full 2):
 PSYoungGen      total 516608K, used 14836K [0x000000076d800000, 0x0000000793000000, 0x00000007c0000000)
  eden space 501760K, 0% used [0x000000076d800000,0x000000076d800000,0x000000078c200000)
  from space 14848K, 99% used [0x000000078c200000,0x000000078d07d180,0x000000078d080000)
  to   space 17920K, 0% used [0x0000000791e80000,0x0000000791e80000,0x0000000793000000)
 ParOldGen       total 94720K, used 11717K [0x00000006c8800000, 0x00000006ce480000, 0x000000076d800000)
  object space 94720K, 12% used [0x00000006c8800000,0x00000006c9371530,0x00000006ce480000)
 Metaspace       used 34981K, capacity 35260K, committed 35456K, reserved 1081344K
  class space    used 4360K, capacity 4433K, committed 4480K, reserved 1048576K
Event: 8.019 GC heap after
Heap after GC invocations=11 (full 2):
 PSYoungGen      total 516608K, used 0K [0x000000076d800000, 0x0000000793000000, 0x00000007c0000000)
  eden space 501760K, 0% used [0x000000076d800000,0x000000076d800000,0x000000078c200000)
  from space 14848K, 0% used [0x000000078c200000,0x000000078c200000,0x000000078d080000)
  to   space 17920K, 0% used [0x0000000791e80000,0x0000000791e80000,0x0000000793000000)
 ParOldGen       total 154624K, used 23869K [0x00000006c8800000, 0x00000006d1f00000, 0x000000076d800000)
  object space 154624K, 15% used [0x00000006c8800000,0x00000006c9f4f740,0x00000006d1f00000)
 Metaspace       used 34980K, capacity 35258K, committed 35456K, reserved 1081344K
  class space    used 4359K, capacity 4432K, committed 4480K, reserved 1048576K
}

Deoptimization events (10 events):
Event: 159.073 Thread 0x0000000020fb6800 Uncommon trap: reason=unhandled action=none pc=0x00000000033b744c method=java.net.URLClassLoader$1.run()Ljava/lang/Class; @ 72
Event: 159.075 Thread 0x0000000020fb6800 Uncommon trap: reason=range_check action=none pc=0x0000000002b23b64 method=sun.reflect.generics.parser.SignatureParser.current()C @ 34
Event: 159.075 Thread 0x0000000020fb6800 Uncommon trap: reason=unhandled action=none pc=0x00000000033b744c method=java.net.URLClassLoader$1.run()Ljava/lang/Class; @ 72
Event: 159.076 Thread 0x0000000020fb6800 Uncommon trap: reason=unhandled action=none pc=0x00000000033b744c method=java.net.URLClassLoader$1.run()Ljava/lang/Class; @ 72
Event: 159.077 Thread 0x0000000020fb6800 Uncommon trap: reason=range_check action=none pc=0x0000000002b23b64 method=sun.reflect.generics.parser.SignatureParser.current()C @ 34
Event: 159.078 Thread 0x0000000020fb6800 Uncommon trap: reason=range_check action=none pc=0x0000000002b23b64 method=sun.reflect.generics.parser.SignatureParser.current()C @ 34
Event: 159.079 Thread 0x0000000020fb6800 Uncommon trap: reason=range_check action=none pc=0x0000000002b23b64 method=sun.reflect.generics.parser.SignatureParser.current()C @ 34
Event: 159.081 Thread 0x0000000020fb6800 Uncommon trap: reason=range_check action=none pc=0x0000000002b23b64 method=sun.reflect.generics.parser.SignatureParser.current()C @ 34
Event: 215.382 Thread 0x0000000020fb7000 Uncommon trap: reason=range_check action=none pc=0x0000000002b23b64 method=sun.reflect.generics.parser.SignatureParser.current()C @ 34
Event: 215.384 Thread 0x0000000020fb7000 Uncommon trap: reason=range_check action=none pc=0x0000000002b23b64 method=sun.reflect.generics.parser.SignatureParser.current()C @ 34

Internal exceptions (10 events):
Event: 218.651 Thread 0x0000000020fb7000 Exception <a 'java/lang/ArrayIndexOutOfBoundsException': 9> (0x0000000785557f90) thrown at [D:\re\workspace\8-2-build-windows-amd64-cygwin\jdk8u25\1677\hotspot\src\share\vm\interpreter\interpreterRuntime.cpp, line 366]
Event: 218.651 Thread 0x0000000020fb7000 Exception <a 'java/lang/ArrayIndexOutOfBoundsException': 9> (0x00000007855588c0) thrown at [D:\re\workspace\8-2-build-windows-amd64-cygwin\jdk8u25\1677\hotspot\src\share\vm\interpreter\interpreterRuntime.cpp, line 366]
Event: 218.652 Thread 0x0000000020fb7000 Exception <a 'java/security/PrivilegedActionException'> (0x000000078555a008) thrown at [D:\re\workspace\8-2-build-windows-amd64-cygwin\jdk8u25\1677\hotspot\src\share\vm\prims\jvm.cpp, line 1312]
Event: 218.654 Thread 0x0000000020fb7000 Exception <a 'java/security/PrivilegedActionException'> (0x0000000785562258) thrown at [D:\re\workspace\8-2-build-windows-amd64-cygwin\jdk8u25\1677\hotspot\src\share\vm\prims\jvm.cpp, line 1312]
Event: 218.655 Thread 0x0000000020fb7000 Exception <a 'java/security/PrivilegedActionException'> (0x0000000785567e08) thrown at [D:\re\workspace\8-2-build-windows-amd64-cygwin\jdk8u25\1677\hotspot\src\share\vm\prims\jvm.cpp, line 1312]
Event: 218.657 Thread 0x0000000020fb7000 Exception <a 'java/security/PrivilegedActionException'> (0x00000007855704d0) thrown at [D:\re\workspace\8-2-build-windows-amd64-cygwin\jdk8u25\1677\hotspot\src\share\vm\prims\jvm.cpp, line 1312]
Event: 218.660 Thread 0x0000000020fb7000 Exception <a 'java/security/PrivilegedActionException'> (0x0000000785579390) thrown at [D:\re\workspace\8-2-build-windows-amd64-cygwin\jdk8u25\1677\hotspot\src\share\vm\prims\jvm.cpp, line 1312]
Event: 218.661 Thread 0x0000000020fb7000 Exception <a 'java/security/PrivilegedActionException'> (0x00000007855802d8) thrown at [D:\re\workspace\8-2-build-windows-amd64-cygwin\jdk8u25\1677\hotspot\src\share\vm\prims\jvm.cpp, line 1312]
Event: 218.663 Thread 0x0000000020fb7000 Exception <a 'java/security/PrivilegedActionException'> (0x000000078558eac8) thrown at [D:\re\workspace\8-2-build-windows-amd64-cygwin\jdk8u25\1677\hotspot\src\share\vm\prims\jvm.cpp, line 1312]
Event: 225.261 Thread 0x0000000020fb7000 Exception <a 'java/lang/reflect/InvocationTargetException'> (0x0000000785596950) thrown at [D:\re\workspace\8-2-build-windows-amd64-cygwin\jdk8u25\1677\hotspot\src\share\vm\runtime\reflection.cpp, line 1080]

Events (10 events):
Event: 225.262 Executing VM operation: GetObjectMonitorUsage done
Event: 225.262 Thread 0x000000001d225800 flushing nmethod 0x0000000002972bd0
Event: 225.262 Thread 0x000000001d225800 flushing nmethod 0x000000000298f850
Event: 225.264 Thread 0x000000001d225800 flushing nmethod 0x0000000002b6f850
Event: 225.264 Thread 0x000000001d225800 flushing nmethod 0x0000000002b9d250
Event: 225.266 Thread 0x000000001d225800 flushing nmethod 0x0000000002d0d210
Event: 225.266 Thread 0x000000001d225800 flushing nmethod 0x0000000002d240d0
Event: 254.272 Thread 0x000000001d225800 flushing nmethod 0x00000000031ec110
Event: 258.237 Executing VM operation: RedefineClasses
Event: 258.268 Executing VM operation: RedefineClasses done


Dynamic libraries:
0x000000013f540000 - 0x000000013f574000 	C:\Program Files\Java\jdk1.8.0_25\bin\javaw.exe
0x00000000776f0000 - 0x0000000077899000 	C:\Windows\SYSTEM32\ntdll.dll
0x00000000774d0000 - 0x00000000775ef000 	C:\Windows\system32\kernel32.dll
0x000007fefd800000 - 0x000007fefd86c000 	C:\Windows\system32\KERNELBASE.dll
0x000007fefe230000 - 0x000007fefe30b000 	C:\Windows\system32\ADVAPI32.dll
0x000007feff890000 - 0x000007feff92f000 	C:\Windows\system32\msvcrt.dll
0x000007fefe3a0000 - 0x000007fefe3bf000 	C:\Windows\SYSTEM32\sechost.dll
0x000007fefdc20000 - 0x000007fefdd4d000 	C:\Windows\system32\RPCRT4.dll
0x00000000775f0000 - 0x00000000776ea000 	C:\Windows\system32\USER32.dll
0x000007fefe010000 - 0x000007fefe077000 	C:\Windows\system32\GDI32.dll
0x000007fefdc10000 - 0x000007fefdc1e000 	C:\Windows\system32\LPK.dll
0x000007feff930000 - 0x000007feff9f9000 	C:\Windows\system32\USP10.dll
0x000007fefbb20000 - 0x000007fefbd14000 	C:\Windows\WinSxS\amd64_microsoft.windows.common-controls_6595b64144ccf1df_6.0.7601.17514_none_fa396087175ac9ac\COMCTL32.dll
0x000007fefe3c0000 - 0x000007fefe431000 	C:\Windows\system32\SHLWAPI.dll
0x000007fefdac0000 - 0x000007fefdaee000 	C:\Windows\system32\IMM32.DLL
0x000007fefe080000 - 0x000007fefe189000 	C:\Windows\system32\MSCTF.dll
0x0000000068700000 - 0x00000000687d2000 	C:\Program Files\Java\jdk1.8.0_25\jre\bin\msvcr100.dll
0x0000000055050000 - 0x00000000558aa000 	C:\Program Files\Java\jdk1.8.0_25\jre\bin\server\jvm.dll
0x000007fef5b10000 - 0x000007fef5b19000 	C:\Windows\system32\WSOCK32.dll
0x000007fefdfc0000 - 0x000007fefe00d000 	C:\Windows\system32\WS2_32.dll
0x000007fefe370000 - 0x000007fefe378000 	C:\Windows\system32\NSI.dll
0x000007fef9990000 - 0x000007fef99cb000 	C:\Windows\system32\WINMM.dll
0x00000000778b0000 - 0x00000000778b7000 	C:\Windows\system32\PSAPI.DLL
0x0000000074de0000 - 0x0000000074def000 	C:\Program Files\Java\jdk1.8.0_25\jre\bin\verify.dll
0x00000000743a0000 - 0x00000000743c8000 	C:\Program Files\Java\jdk1.8.0_25\jre\bin\java.dll
0x0000000069920000 - 0x0000000069955000 	C:\Program Files\Java\jdk1.8.0_25\jre\bin\jdwp.dll
0x0000000074a80000 - 0x0000000074a88000 	C:\Program Files\Java\jdk1.8.0_25\jre\bin\npt.dll
0x000000006aaa0000 - 0x000000006aab6000 	C:\Program Files\Java\jdk1.8.0_25\jre\bin\zip.dll
0x000007fefe440000 - 0x000007feff1c8000 	C:\Windows\system32\SHELL32.dll
0x000007feff680000 - 0x000007feff883000 	C:\Windows\system32\ole32.dll
0x000007fefd4c0000 - 0x000007fefd4cf000 	C:\Windows\system32\profapi.dll
0x0000000074490000 - 0x0000000074499000 	C:\Program Files\Java\jdk1.8.0_25\jre\bin\dt_socket.dll
0x000007fefb830000 - 0x000007fefb845000 	C:\Windows\system32\NLAapi.dll
0x000007fef26f0000 - 0x000007fef2705000 	C:\Windows\system32\napinsp.dll
0x000007fef2150000 - 0x000007fef2169000 	C:\Windows\system32\pnrpnsp.dll
0x000007fefcc50000 - 0x000007fefcca5000 	C:\Windows\System32\mswsock.dll
0x000007fefcad0000 - 0x000007fefcb2b000 	C:\Windows\system32\DNSAPI.dll
0x000007fef2690000 - 0x000007fef269b000 	C:\Windows\System32\winrnr.dll
0x000007fef2140000 - 0x000007fef2150000 	C:\Windows\system32\wshbth.dll
0x0000000073eb0000 - 0x0000000073ed6000 	C:\Program Files\Bonjour\mdnsNSP.dll
0x000007fefb0e0000 - 0x000007fefb107000 	C:\Windows\system32\Iphlpapi.DLL
0x000007fefb0a0000 - 0x000007fefb0ab000 	C:\Windows\system32\WINNSI.DLL
0x000007fefba50000 - 0x000007fefbaa3000 	C:\Windows\System32\fwpuclnt.dll
0x000007fef9b90000 - 0x000007fef9b98000 	C:\Windows\system32\rasadhlp.dll
0x000007fefc670000 - 0x000007fefc677000 	C:\Windows\System32\wshtcpip.dll
0x0000000074480000 - 0x000000007448d000 	C:\Program Files\Java\jdk1.8.0_25\jre\bin\management.dll
0x0000000069980000 - 0x000000006999a000 	C:\Program Files\Java\jdk1.8.0_25\jre\bin\net.dll
0x000007fefcc40000 - 0x000007fefcc47000 	C:\Windows\System32\wship6.dll
0x0000000069960000 - 0x0000000069971000 	C:\Program Files\Java\jdk1.8.0_25\jre\bin\nio.dll
0x000007fefccf0000 - 0x000007fefcd08000 	C:\Windows\system32\CRYPTSP.dll
0x000007fefc9b0000 - 0x000007fefc9f7000 	C:\Windows\system32\rsaenh.dll
0x000007fefd6a0000 - 0x000007fefd6be000 	C:\Windows\system32\USERENV.dll
0x000007fefd350000 - 0x000007fefd35f000 	C:\Windows\system32\CRYPTBASE.dll
0x000007fefaf70000 - 0x000007fefaf88000 	C:\Windows\system32\dhcpcsvc.DLL
0x000007fefaf50000 - 0x000007fefaf61000 	C:\Windows\system32\dhcpcsvc6.DLL
0x000007fef30d0000 - 0x000007fef31f5000 	C:\Windows\system32\dbghelp.dll

VM Arguments:
jvm_args: -agentlib:jdwp=transport=dt_socket,suspend=y,address=localhost:52306 -Dspring.liveBeansView.mbeanDomain -Dcom.sun.management.jmxremote -Dcom.sun.management.jmxremote.port=59067 -Dcom.sun.management.jmxremote.authenticate=false -Dcom.sun.management.jmxremote.ssl=false -Dfile.encoding=UTF-8 
java_command: com.RestApplication
java_class_path (initial): C:\Users\gustavo\workspace_eclipse_luna\e-learning\e-learning-rest\target\classes;C:\Users\gustavo\workspace_eclipse_luna\e-learning\e-learning-model\target\classes;C:\Users\gustavo\.m2\repository\com\h2database\h2\1.3.176\h2-1.3.176.jar;C:\Users\gustavo\.m2\repository\org\springframework\boot\spring-boot-starter-data-jpa\1.2.0.M1\spring-boot-starter-data-jpa-1.2.0.M1.jar;C:\Users\gustavo\.m2\repository\org\springframework\boot\spring-boot-starter-aop\1.2.0.M1\spring-boot-starter-aop-1.2.0.M1.jar;C:\Users\gustavo\.m2\repository\org\aspectj\aspectjrt\1.8.2\aspectjrt-1.8.2.jar;C:\Users\gustavo\.m2\repository\org\aspectj\aspectjweaver\1.8.2\aspectjweaver-1.8.2.jar;C:\Users\gustavo\.m2\repository\org\springframework\boot\spring-boot-starter-jdbc\1.2.0.M1\spring-boot-starter-jdbc-1.2.0.M1.jar;C:\Users\gustavo\.m2\repository\org\springframework\spring-jdbc\4.1.0.RELEASE\spring-jdbc-4.1.0.RELEASE.jar;C:\Users\gustavo\.m2\repository\org\apache\tomcat\tomcat-jdbc\7.0.55\tomcat-jdbc-7.0.55.jar;C:\Users\gustavo\.m2\repository\org\apache\tomcat\tomcat-juli\7.0.55\tomcat-juli-7.0.55.jar;C:\Users\gustavo\.m2\repository\org\hibernate\hibernate-entitymanager\4.3.6.Final\hibernate-entitymanager-4.3.6.Final.jar;C:\Users\gustavo\.m2\repository\org\jboss\logging\jboss-logging-annotations\1.2.0.Beta1\jboss-logging-annotations-1.2.0.Beta1.jar;C:\Users\gustavo\.m2\repository\org\hibernate\hibernate-core\4.3.6.Final\hibernate-core-4.3.6.Final.jar;C:\Users\gustavo\.m2\repository\antlr\antlr\2.7.7\antlr-2.7.7.jar;C:\Users\gustavo\.m2\repository\org\jboss\jandex\1.1.0.Final\jandex-1.1.0.Final.jar;C:\Users\gustavo\.m2\repository\dom4j\dom4j\1.6.1\dom4j-1.6.1.jar;C:\Users\gustavo\.m2\repository\xml-apis\xml-apis\1.0.b2\xml-apis-1.0.b2.jar;C:\Users\gustavo\.m2\repository\org\hibernate\common\hibernate-commons-annotations\4.0.5.Final\hibernate-commons-annotations-4.0.5.Final.jar;C:\Users\gustavo\.m2\repository\org\hibernate\javax\persistence\hibernate-jpa-2.1-api\1.0.
Launcher Type: SUN_STANDARD

Environment Variables:
JAVA_HOME=C:\Program Files\Java\jdk1.7.0_51
PATH=C:\Program Files\Java\jdk1.8.0_25\jre\bin;C:/Program Files/Java/jre1.8.0_25/bin/server;C:/Program Files/Java/jre1.8.0_25/bin;C:/Program Files/Java/jre1.8.0_25/lib/amd64;C:\ProgramData\Oracle\Java\javapath;C:\Windows\system32;C:\Windows;C:\Windows\System32\Wbem;C:\Windows\System32\WindowsPowerShell\v1.0\;C:\Program Files (x86)\Intel\OpenCL SDK\2.0\bin\x86;C:\Program Files (x86)\Intel\OpenCL SDK\2.0\bin\x64;C:\Program Files\Java\jdk1.7.0_51\bin;C:\Program Files (x86)\WinMerge;C:\Program Files\TortoiseSVN\bin;C:\Program Files\Apache Software Foundation\apache-maven-3.2.3\bin;C:\Program Files\cURL\bin;C:\Program Files\nodejs\;C:\Users\gustavo\AppData\Roaming\npm;D:\development\ide\eclipse\windows\luna;
USERNAME=gustavo
OS=Windows_NT
PROCESSOR_IDENTIFIER=Intel64 Family 6 Model 58 Stepping 9, GenuineIntel



---------------  S Y S T E M  ---------------

OS: Windows 7 , 64 bit Build 7601 Service Pack 1

CPU:total 8 (4 cores per cpu, 2 threads per core) family 6 model 58 stepping 9, cmov, cx8, fxsr, mmx, sse, sse2, sse3, ssse3, sse4.1, sse4.2, popcnt, avx, aes, clmul, erms, ht, tsc, tscinvbit, tscinv

Memory: 4k page, physical 16218476k(10552640k free), swap 32435088k(26341864k free)

vm_info: Java HotSpot(TM) 64-Bit Server VM (25.25-b02) for windows-amd64 JRE (1.8.0_25-b18), built on Oct  7 2014 14:25:37 by "java_re" with MS VC++ 10.0 (VS2010)

time: Sat Jan 10 12:49:11 2015
elapsed time: 258 seconds (0d 0h 4m 18s)

